<?xml version="1.0" encoding="UTF-8"?>
<!-- Generated by org.testng.reporters.JUnitReportReporter -->
<testsuite skipped="0" hostname="DESKTOP-NI32QNA" name="steps.RunnerTest" tests="5" failures="0" timestamp="2020-09-03T10:38:08 EEST" time="53.750" errors="0">
  <testcase name="runScenario" time="10.170" classname="steps.RunnerTest"/>
  <system-out/>
  <testcase name="runScenario" time="9.108" classname="steps.RunnerTest"/>
  <system-out/>
  <testcase name="runScenario" time="12.473" classname="steps.RunnerTest"/>
  <system-out/>
  <testcase name="runScenario" time="9.962" classname="steps.RunnerTest"/>
  <system-out/>
  <testcase name="runScenario" time="12.037" classname="steps.RunnerTest"/>
  <system-out/>
</testsuite> <!-- steps.RunnerTest -->
